<?xml version="1.0" encoding="UTF-8"?>
<testng-results ignored="0" total="1" passed="1" failed="0" skipped="0">
  <reporter-output>
  </reporter-output>
  <suite started-at="2024-09-02T01:47:04 IST" name="Default suite" finished-at="2024-09-02T01:47:09 IST" duration-ms="4379">
    <groups>
    </groups>
    <test started-at="2024-09-02T01:47:04 IST" name="Default test" finished-at="2024-09-02T01:47:09 IST" duration-ms="4379">
      <class name="TestCases.TC01">
        <test-method signature="validLogin()[pri:0, instance:TestCases.TC01@63021689]" started-at="2024-09-02T01:47:04 IST" name="validLogin" finished-at="2024-09-02T01:47:09 IST" duration-ms="4333" status="PASS">
          <reporter-output>
          </reporter-output>
        </test-method> <!-- validLogin -->
      </class> <!-- TestCases.TC01 -->
    </test> <!-- Default test -->
  </suite> <!-- Default suite -->
</testng-results>
